<?xml version="1.0" encoding="UTF-8"?>
<testng-results ignored="0" total="2" passed="2" failed="0" skipped="0">
  <reporter-output>
  </reporter-output>
  <suite started-at="2023-09-29T17:34:54 IST" name="Suite" finished-at="2023-09-29T17:35:45 IST" duration-ms="50871">
    <groups>
      <group name="smoke">
        <method signature="DemoLeadTest.demoTest()[pri:0, instance:com.qsp.vtiger.leads.DemoLeadTest@3e27aa33]" name="demoTest" class="com.qsp.vtiger.leads.DemoLeadTest"/>
        <method signature="ToCreateALeadTest.toCreateALeadAndVerifyTheLeadDetails()[pri:0, instance:com.qsp.vtiger.leads.ToCreateALeadTest@75437611]" name="toCreateALeadAndVerifyTheLeadDetails" class="com.qsp.vtiger.leads.ToCreateALeadTest"/>
      </group> <!-- smoke -->
    </groups>
    <test started-at="2023-09-29T17:34:54 IST" name="Test" finished-at="2023-09-29T17:35:45 IST" duration-ms="50871">
      <class name="com.qsp.vtiger.leads.DemoLeadTest">
        <test-method signature="demoTest()[pri:0, instance:com.qsp.vtiger.leads.DemoLeadTest@3e27aa33]" started-at="2023-09-29T17:34:55 IST" name="demoTest" finished-at="2023-09-29T17:34:55 IST" duration-ms="31" status="PASS">
          <reporter-output>
          </reporter-output>
        </test-method> <!-- demoTest -->
      </class> <!-- com.qsp.vtiger.leads.DemoLeadTest -->
      <class name="com.qsp.vtiger.leads.ToCreateALeadTest">
        <test-method is-config="true" signature="bsConfig()[pri:0, instance:com.qsp.vtiger.leads.ToCreateALeadTest@75437611]" started-at="2023-09-29T17:34:54 IST" name="bsConfig" finished-at="2023-09-29T17:34:54 IST" duration-ms="478" status="PASS">
          <reporter-output>
          </reporter-output>
        </test-method> <!-- bsConfig -->
        <test-method is-config="true" signature="btConfig()[pri:0, instance:com.qsp.vtiger.leads.ToCreateALeadTest@75437611]" started-at="2023-09-29T17:34:55 IST" name="btConfig" finished-at="2023-09-29T17:34:55 IST" duration-ms="1" status="PASS">
          <reporter-output>
          </reporter-output>
        </test-method> <!-- btConfig -->
        <test-method is-config="true" signature="bcConfig()[pri:0, instance:com.qsp.vtiger.leads.ToCreateALeadTest@75437611]" started-at="2023-09-29T17:34:55 IST" name="bcConfig" finished-at="2023-09-29T17:35:06 IST" duration-ms="11300" status="PASS">
          <reporter-output>
          </reporter-output>
        </test-method> <!-- bcConfig -->
        <test-method is-config="true" signature="bmConfig()[pri:0, instance:com.qsp.vtiger.leads.ToCreateALeadTest@75437611]" started-at="2023-09-29T17:35:06 IST" name="bmConfig" finished-at="2023-09-29T17:35:14 IST" duration-ms="8137" status="PASS">
          <reporter-output>
          </reporter-output>
        </test-method> <!-- bmConfig -->
        <test-method signature="toCreateALeadAndVerifyTheLeadDetails()[pri:0, instance:com.qsp.vtiger.leads.ToCreateALeadTest@75437611]" started-at="2023-09-29T17:35:14 IST" name="toCreateALeadAndVerifyTheLeadDetails" finished-at="2023-09-29T17:35:43 IST" duration-ms="28479" status="PASS">
          <reporter-output>
          </reporter-output>
        </test-method> <!-- toCreateALeadAndVerifyTheLeadDetails -->
        <test-method is-config="true" signature="amConfig()[pri:0, instance:com.qsp.vtiger.leads.ToCreateALeadTest@75437611]" started-at="2023-09-29T17:35:43 IST" name="amConfig" finished-at="2023-09-29T17:35:45 IST" duration-ms="1989" status="PASS">
          <reporter-output>
          </reporter-output>
        </test-method> <!-- amConfig -->
        <test-method is-config="true" signature="acConfig()[pri:0, instance:com.qsp.vtiger.leads.ToCreateALeadTest@75437611]" started-at="2023-09-29T17:35:45 IST" name="acConfig" finished-at="2023-09-29T17:35:45 IST" duration-ms="267" status="PASS">
          <reporter-output>
          </reporter-output>
        </test-method> <!-- acConfig -->
        <test-method is-config="true" signature="atConfig()[pri:0, instance:com.qsp.vtiger.leads.ToCreateALeadTest@75437611]" started-at="2023-09-29T17:35:45 IST" name="atConfig" finished-at="2023-09-29T17:35:45 IST" duration-ms="1" status="PASS">
          <reporter-output>
          </reporter-output>
        </test-method> <!-- atConfig -->
        <test-method is-config="true" signature="asConfig()[pri:0, instance:com.qsp.vtiger.leads.ToCreateALeadTest@75437611]" started-at="2023-09-29T17:35:46 IST" name="asConfig" finished-at="2023-09-29T17:35:46 IST" duration-ms="10" status="PASS">
          <reporter-output>
          </reporter-output>
        </test-method> <!-- asConfig -->
      </class> <!-- com.qsp.vtiger.leads.ToCreateALeadTest -->
    </test> <!-- Test -->
  </suite> <!-- Suite -->
</testng-results>
