<?xml version="1.0" encoding="UTF-8"?>
<testng-results ignored="0" total="1" passed="1" failed="0" skipped="0">
  <reporter-output>
  </reporter-output>
  <suite started-at="2023-09-28T16:14:13 IST" name="Default suite" finished-at="2023-09-28T16:14:39 IST" duration-ms="25629">
    <groups>
    </groups>
    <test started-at="2023-09-28T16:14:13 IST" name="Default test" finished-at="2023-09-28T16:14:39 IST" duration-ms="25629">
      <class name="com.qsp.vtiger.leads.ToCreateALeadTest">
        <test-method is-config="true" signature="bsConfig()[pri:0, instance:com.qsp.vtiger.leads.ToCreateALeadTest@8519cb4]" started-at="2023-09-28T16:14:13 IST" name="bsConfig" finished-at="2023-09-28T16:14:13 IST" duration-ms="429" status="PASS">
          <reporter-output>
          </reporter-output>
        </test-method> <!-- bsConfig -->
        <test-method is-config="true" signature="btConfig()[pri:0, instance:com.qsp.vtiger.leads.ToCreateALeadTest@8519cb4]" started-at="2023-09-28T16:14:14 IST" name="btConfig" finished-at="2023-09-28T16:14:14 IST" duration-ms="1" status="PASS">
          <reporter-output>
          </reporter-output>
        </test-method> <!-- btConfig -->
        <test-method is-config="true" signature="bcConfig()[pri:0, instance:com.qsp.vtiger.leads.ToCreateALeadTest@8519cb4]" started-at="2023-09-28T16:14:14 IST" name="bcConfig" finished-at="2023-09-28T16:14:18 IST" duration-ms="4479" status="PASS">
          <reporter-output>
          </reporter-output>
        </test-method> <!-- bcConfig -->
        <test-method is-config="true" signature="bmConfig()[pri:0, instance:com.qsp.vtiger.leads.ToCreateALeadTest@8519cb4]" started-at="2023-09-28T16:14:18 IST" name="bmConfig" finished-at="2023-09-28T16:14:21 IST" duration-ms="2842" status="PASS">
          <reporter-output>
          </reporter-output>
        </test-method> <!-- bmConfig -->
        <test-method signature="toCreateALeadAndVerifyTheLeadDetails()[pri:0, instance:com.qsp.vtiger.leads.ToCreateALeadTest@8519cb4]" started-at="2023-09-28T16:14:21 IST" name="toCreateALeadAndVerifyTheLeadDetails" finished-at="2023-09-28T16:14:37 IST" duration-ms="16012" status="PASS">
          <reporter-output>
          </reporter-output>
        </test-method> <!-- toCreateALeadAndVerifyTheLeadDetails -->
        <test-method is-config="true" signature="amConfig()[pri:0, instance:com.qsp.vtiger.leads.ToCreateALeadTest@8519cb4]" started-at="2023-09-28T16:14:37 IST" name="amConfig" finished-at="2023-09-28T16:14:39 IST" duration-ms="1424" status="PASS">
          <reporter-output>
          </reporter-output>
        </test-method> <!-- amConfig -->
        <test-method is-config="true" signature="acConfig()[pri:0, instance:com.qsp.vtiger.leads.ToCreateALeadTest@8519cb4]" started-at="2023-09-28T16:14:39 IST" name="acConfig" finished-at="2023-09-28T16:14:39 IST" duration-ms="324" status="PASS">
          <reporter-output>
          </reporter-output>
        </test-method> <!-- acConfig -->
        <test-method is-config="true" signature="atConfig()[pri:0, instance:com.qsp.vtiger.leads.ToCreateALeadTest@8519cb4]" started-at="2023-09-28T16:14:39 IST" name="atConfig" finished-at="2023-09-28T16:14:39 IST" duration-ms="0" status="PASS">
          <reporter-output>
          </reporter-output>
        </test-method> <!-- atConfig -->
        <test-method is-config="true" signature="asConfig()[pri:0, instance:com.qsp.vtiger.leads.ToCreateALeadTest@8519cb4]" started-at="2023-09-28T16:14:39 IST" name="asConfig" finished-at="2023-09-28T16:14:39 IST" duration-ms="10" status="PASS">
          <reporter-output>
          </reporter-output>
        </test-method> <!-- asConfig -->
      </class> <!-- com.qsp.vtiger.leads.ToCreateALeadTest -->
    </test> <!-- Default test -->
  </suite> <!-- Default suite -->
</testng-results>
