<?xml version="1.0" encoding="UTF-8"?>
<!-- Generated by org.testng.reporters.JUnitXMLReporter -->
<testsuite ignored="4" hostname="DESKTOP-38M9TK5" failures="0" tests="2" name="Command line test" time="84.99" errors="0" timestamp="28 Sep 2023 12:29:47 GMT">
  <testcase classname="com.qsp.vtiger.leads.ToCreateALeadTest" name="toCreateALeadAndVerifyTheLeadDetails" time="28.807"/>
  <testcase classname="com.qsp.vtiger.products.CreateProductTest" name="createProductAndVerifyProductInformation" time="23.105"/>
  <testcase classname="com.qsp.vtiger.genericUtility.BaseClass" name="@AfterSuite asConfig" time="0.0">
    <ignored/>
  </testcase> <!-- @AfterSuite asConfig -->
  <testcase classname="com.qsp.vtiger.genericUtility.BaseClass" name="@BeforeSuite bsConfig" time="0.0">
    <ignored/>
  </testcase> <!-- @BeforeSuite bsConfig -->
  <testcase classname="com.qsp.vtiger.genericUtility.BaseClass" name="@BeforeTest btConfig" time="0.0">
    <ignored/>
  </testcase> <!-- @BeforeTest btConfig -->
  <testcase classname="com.qsp.vtiger.genericUtility.BaseClass" name="@AfterTest atConfig" time="0.0">
    <ignored/>
  </testcase> <!-- @AfterTest atConfig -->
</testsuite> <!-- Command line test -->
