<?xml version="1.0" encoding="UTF-8"?>
<!-- Generated by org.testng.reporters.JUnitXMLReporter -->
<testsuite ignored="4" hostname="DESKTOP-38M9TK5" failures="0" tests="2" name="Surefire test" time="49.421" errors="0" timestamp="28 Sep 2023 10:47:56 GMT">
  <testcase classname="com.qsp.vtiger.leads.ToCreateALeadTest" name="toCreateALeadAndVerifyTheLeadDetails" time="13.087"/>
  <testcase classname="com.qsp.vtiger.products.CreateProductTest" name="createProductAndVerifyProductInformation" time="20.08"/>
  <testcase classname="com.qsp.vtiger.genericUtility.BaseClass" name="@AfterSuite asConfig" time="0.0">
    <ignored/>
  </testcase> <!-- @AfterSuite asConfig -->
  <testcase classname="com.qsp.vtiger.genericUtility.BaseClass" name="@BeforeSuite bsConfig" time="0.0">
    <ignored/>
  </testcase> <!-- @BeforeSuite bsConfig -->
  <testcase classname="com.qsp.vtiger.genericUtility.BaseClass" name="@BeforeTest btConfig" time="0.0">
    <ignored/>
  </testcase> <!-- @BeforeTest btConfig -->
  <testcase classname="com.qsp.vtiger.genericUtility.BaseClass" name="@AfterTest atConfig" time="0.0">
    <ignored/>
  </testcase> <!-- @AfterTest atConfig -->
</testsuite> <!-- Surefire test -->
